[debug] [2025-04-30T14:40:28.674Z] ----------------------------------------------------------------------
[debug] [2025-04-30T14:40:28.678Z] Command:       C:\Program Files\nodejs\node.exe C:\Users\goldg\AppData\Roaming\npm\node_modules\firebase-tools\lib\bin\firebase.js init
[debug] [2025-04-30T14:40:28.678Z] CLI Version:   14.2.0
[debug] [2025-04-30T14:40:28.678Z] Platform:      win32
[debug] [2025-04-30T14:40:28.679Z] Node Version:  v20.18.0
[debug] [2025-04-30T14:40:28.679Z] Time:          Wed Apr 30 2025 20:10:28 GMT+0530 (India Standard Time)
[debug] [2025-04-30T14:40:28.679Z] ----------------------------------------------------------------------
[debug] 
[debug] [2025-04-30T14:40:28.686Z] > command requires scopes: ["email","openid","https://www.googleapis.com/auth/cloudplatformprojects.readonly","https://www.googleapis.com/auth/firebase","https://www.googleapis.com/auth/cloud-platform"]
[debug] [2025-04-30T14:40:28.687Z] > authorizing via signed-in user (godsonarockiaraj.26csa@licet.ac.in)
[info] 
     ######## #### ########  ######## ########     ###     ######  ########
     ##        ##  ##     ## ##       ##     ##  ##   ##  ##       ##
     ######    ##  ########  ######   ########  #########  ######  ######
     ##        ##  ##    ##  ##       ##     ## ##     ##       ## ##
     ##       #### ##     ## ######## ########  ##     ##  ######  ########

You're about to initialize a Firebase project in this directory:

  C:\Users\goldg\Desktop\plan ora\planora-main

[info] 
=== Project Setup
[info] 
[info] First, let's associate this project directory with a Firebase project.
[info] You can create multiple project aliases by running firebase use --add, 
[info] but for now we'll just set up a default project.
[info] 
[info] i  If you want to create a project in a Google Cloud organization or folder, please use "firebase projects:create" instead, and return to this command when you've created the project. 
[debug] [2025-04-30T14:41:28.477Z] Checked if tokens are valid: false, expires at: 1745462563691
[debug] [2025-04-30T14:41:28.477Z] Checked if tokens are valid: false, expires at: 1745462563691
[debug] [2025-04-30T14:41:28.477Z] > refreshing access token with scopes: []
[debug] [2025-04-30T14:41:28.479Z] >>> [apiv2][query] POST https://www.googleapis.com/oauth2/v3/token [none]
[debug] [2025-04-30T14:41:28.480Z] >>> [apiv2][body] POST https://www.googleapis.com/oauth2/v3/token [omitted]
[debug] [2025-04-30T14:41:29.184Z] <<< [apiv2][status] POST https://www.googleapis.com/oauth2/v3/token 200
[debug] [2025-04-30T14:41:29.184Z] <<< [apiv2][body] POST https://www.googleapis.com/oauth2/v3/token [omitted]
[debug] [2025-04-30T14:41:29.196Z] >>> [apiv2][query] POST https://cloudresourcemanager.googleapis.com/v1/projects [none]
[debug] [2025-04-30T14:41:29.197Z] >>> [apiv2][body] POST https://cloudresourcemanager.googleapis.com/v1/projects {"projectId":"planora26","name":"planora"}
[debug] [2025-04-30T14:41:30.809Z] <<< [apiv2][status] POST https://cloudresourcemanager.googleapis.com/v1/projects 200
[debug] [2025-04-30T14:41:30.809Z] <<< [apiv2][body] POST https://cloudresourcemanager.googleapis.com/v1/projects {"name":"operations/create_project.global.7036997469609172246"}
[debug] [2025-04-30T14:41:30.811Z] Checked if tokens are valid: true, expires at: 1746027688184
[debug] [2025-04-30T14:41:30.811Z] Checked if tokens are valid: true, expires at: 1746027688184
[debug] [2025-04-30T14:41:30.811Z] >>> [apiv2][query] GET https://cloudresourcemanager.googleapis.com/v1/operations/create_project.global.7036997469609172246 [none]
[debug] [2025-04-30T14:41:32.229Z] <<< [apiv2][status] GET https://cloudresourcemanager.googleapis.com/v1/operations/create_project.global.7036997469609172246 200
[debug] [2025-04-30T14:41:32.229Z] <<< [apiv2][body] GET https://cloudresourcemanager.googleapis.com/v1/operations/create_project.global.7036997469609172246 {"name":"operations/create_project.global.7036997469609172246","metadata":{"@type":"type.googleapis.com/google.cloudresourcemanager.v1.ProjectCreationStatus","ready":true},"done":true,"error":{"code":8,"message":"The project cannot be created because you have exceeded your allotted project quota.","details":[{"@type":"type.googleapis.com/google.rpc.QuotaFailure","violations":[{"description":"The project cannot be created because you have exceeded your allotted project quota."}]}]}}
[debug] [2025-04-30T14:41:32.545Z] FirebaseError: The project cannot be created because you have exceeded your allotted project quota.
    at OperationPoller.poll (C:\Users\goldg\AppData\Roaming\npm\node_modules\firebase-tools\lib\operation-poller.js:24:19)
    at process.processTicksAndRejections (node:internal/process/task_queues:95:5)
    at async createCloudProject (C:\Users\goldg\AppData\Roaming\npm\node_modules\firebase-tools\lib\management\projects.js:213:29)
    at async createFirebaseProjectAndLog (C:\Users\goldg\AppData\Roaming\npm\node_modules\firebase-tools\lib\management\projects.js:71:9)
    at async promptAndCreateNewProject (C:\Users\goldg\AppData\Roaming\npm\node_modules\firebase-tools\lib\init\features\project.js:32:12)
    at async doSetup (C:\Users\goldg\AppData\Roaming\npm\node_modules\firebase-tools\lib\init\features\project.js:89:27)
    at async init (C:\Users\goldg\AppData\Roaming\npm\node_modules\firebase-tools\lib\init\index.js:41:9)
[error] 
[error] Error: Failed to create project. See firebase-debug.log for more info.
